Running: /opt/Xilinx/14.7/ISE_DS/ISE/bin/lin64/unwrapped/fuse -intstyle ise -incremental -lib unisims_ver -lib unimacro_ver -lib xilinxcorelib_ver -lib secureip -o /home/ray/home/classes/cs/152a/lab3/lab3/display_tb_isim_beh.exe -prj /home/ray/home/classes/cs/152a/lab3/lab3/display_tb_beh.prj work.display_tb work.glbl 
ISim P.20131013 (signature 0xfbc00daa)
Number of CPUs detected in this system: 32
Turning on mult-threading, number of parallel sub-compilation jobs: 64 
Determining compilation order of HDL files
Analyzing Verilog file "/home/ray/home/classes/cs/152a/lab3/lab3/display.v" into library work
Analyzing Verilog file "/home/ray/home/classes/cs/152a/lab3/lab3/display_tb.v" into library work
Analyzing Verilog file "/opt/Xilinx/14.7/ISE_DS/ISE//verilog/src/glbl.v" into library work
Starting static elaboration
Completed static elaboration
Fuse Memory Usage: 85276 KB
Fuse CPU Usage: 440 ms
Compiling module display
Compiling module display_tb
Compiling module glbl
Time Resolution for simulation is 1ps.
Waiting for 1 sub-compilation(s) to finish...
Compiled 3 Verilog Units
Built simulation executable /home/ray/home/classes/cs/152a/lab3/lab3/display_tb_isim_beh.exe
Fuse Memory Usage: 4315252 KB
Fuse CPU Usage: 470 ms
GCC CPU Usage: 300 ms
