Release 14.7 - xst P.20131013 (lin64)
Copyright (c) 1995-2013 Xilinx, Inc.  All rights reserved.
--> 
Parameter TMPDIR set to xst/projnav.tmp


Total REAL time to Xst completion: 0.00 secs
Total CPU time to Xst completion: 0.02 secs
 
--> 
Parameter xsthdpdir set to xst


Total REAL time to Xst completion: 0.00 secs
Total CPU time to Xst completion: 0.02 secs
 
--> 
Reading design: nexys3.prj

TABLE OF CONTENTS
  1) Synthesis Options Summary
  2) HDL Parsing
  3) HDL Elaboration
  4) HDL Synthesis
       4.1) HDL Synthesis Report
  5) Advanced HDL Synthesis
       5.1) Advanced HDL Synthesis Report
  6) Low Level Synthesis
  7) Partition Report
  8) Design Summary
       8.1) Primitive and Black Box Usage
       8.2) Device utilization summary
       8.3) Partition Resource Summary
       8.4) Timing Report
            8.4.1) Clock Information
            8.4.2) Asynchronous Control Signals Information
            8.4.3) Timing Summary
            8.4.4) Timing Details
            8.4.5) Cross Clock Domains Report


=========================================================================
*                      Synthesis Options Summary                        *
=========================================================================
---- Source Parameters
Input File Name                    : "nexys3.prj"
Ignore Synthesis Constraint File   : NO

---- Target Parameters
Output File Name                   : "nexys3"
Output Format                      : NGC
Target Device                      : xc6slx16-2-csg324

---- Source Options
Top Module Name                    : nexys3
Automatic FSM Extraction           : YES
FSM Encoding Algorithm             : Auto
Safe Implementation                : No
FSM Style                          : LUT
RAM Extraction                     : Yes
RAM Style                          : Auto
ROM Extraction                     : Yes
Shift Register Extraction          : YES
ROM Style                          : Auto
Resource Sharing                   : YES
Asynchronous To Synchronous        : NO
Shift Register Minimum Size        : 2
Use DSP Block                      : Auto
Automatic Register Balancing       : No

---- Target Options
LUT Combining                      : Auto
Reduce Control Sets                : Auto
Add IO Buffers                     : YES
Global Maximum Fanout              : 100000
Add Generic Clock Buffer(BUFG)     : 16
Register Duplication               : YES
Optimize Instantiated Primitives   : NO
Use Clock Enable                   : Auto
Use Synchronous Set                : Auto
Use Synchronous Reset              : Auto
Pack IO Registers into IOBs        : Auto
Equivalent register Removal        : YES

---- General Options
Optimization Goal                  : Speed
Optimization Effort                : 1
Power Reduction                    : NO
Keep Hierarchy                     : No
Netlist Hierarchy                  : As_Optimized
RTL Output                         : Yes
Global Optimization                : AllClockNets
Read Cores                         : YES
Write Timing Constraints           : NO
Cross Clock Analysis               : NO
Hierarchy Separator                : /
Bus Delimiter                      : <>
Case Specifier                     : Maintain
Slice Utilization Ratio            : 100
BRAM Utilization Ratio             : 100
DSP48 Utilization Ratio            : 100
Auto BRAM Packing                  : NO
Slice Utilization Ratio Delta      : 5

=========================================================================


=========================================================================
*                          HDL Parsing                                  *
=========================================================================
Analyzing Verilog file "/home/ray/home/classes/cs/152a/lab3/lab3/counter.v" into library work
Parsing module <counter>.
Parsing verilog file "counter_definitions.v" included at line 8.
WARNING:HDLCompiler:1335 - "/home/ray/home/classes/cs/152a/lab3/lab3/counter.v" Line 13: Port digits must not be declared to be an array
Analyzing Verilog file "/home/ray/home/classes/cs/152a/lab3/lab3/clocks.v" into library work
Parsing module <clocks>.
Parsing verilog file "clocks_definitions.v" included at line 8.
Analyzing Verilog file "/home/ray/home/classes/cs/152a/lab3/lab3/nexys3.v" into library work
Parsing module <nexys3>.

=========================================================================
*                            HDL Elaboration                            *
=========================================================================
WARNING:HDLCompiler:1016 - "/home/ray/home/classes/cs/152a/lab3/lab3/nexys3.v" Line 5: Port blink_clk is not connected to this instance
WARNING:HDLCompiler:1016 - "/home/ray/home/classes/cs/152a/lab3/lab3/nexys3.v" Line 11: Port digits is not connected to this instance

Elaborating module <nexys3>.

Elaborating module <clocks>.

Elaborating module <counter>.
WARNING:HDLCompiler:413 - "/home/ray/home/classes/cs/152a/lab3/lab3/counter.v" Line 23: Result of 5-bit expression is truncated to fit in 4-bit target.
WARNING:HDLCompiler:413 - "/home/ray/home/classes/cs/152a/lab3/lab3/counter.v" Line 26: Result of 5-bit expression is truncated to fit in 4-bit target.
WARNING:HDLCompiler:552 - "/home/ray/home/classes/cs/152a/lab3/lab3/nexys3.v" Line 5: Input port clk is not connected on this instance
WARNING:HDLCompiler:552 - "/home/ray/home/classes/cs/152a/lab3/lab3/nexys3.v" Line 11: Input port clk is not connected on this instance
WARNING:Xst:2972 - "/home/ray/home/classes/cs/152a/lab3/lab3/nexys3.v" line 5. All outputs of instance <clocks_> of block <clocks> are unconnected in block <nexys3>. Underlying logic will be removed.
WARNING:Xst:2972 - "/home/ray/home/classes/cs/152a/lab3/lab3/nexys3.v" line 11. All outputs of instance <counter_> of block <counter> are unconnected in block <nexys3>. Underlying logic will be removed.

=========================================================================
*                           HDL Synthesis                               *
=========================================================================

Synthesizing Unit <nexys3>.
    Related source file is "/home/ray/home/classes/cs/152a/lab3/lab3/nexys3.v".
WARNING:Xst:2898 - Port 'clk', unconnected in block instance 'clocks_', is tied to GND.
WARNING:Xst:2898 - Port 'rst', unconnected in block instance 'clocks_', is tied to GND.
WARNING:Xst:2898 - Port 'clk', unconnected in block instance 'counter_', is tied to GND.
WARNING:Xst:2898 - Port 'rst', unconnected in block instance 'counter_', is tied to GND.
INFO:Xst:3210 - "/home/ray/home/classes/cs/152a/lab3/lab3/nexys3.v" line 5: Output port <blink_clk> of the instance <clocks_> is unconnected or connected to loadless signal.
INFO:Xst:3210 - "/home/ray/home/classes/cs/152a/lab3/lab3/nexys3.v" line 5: Output port <sec_clk> of the instance <clocks_> is unconnected or connected to loadless signal.
INFO:Xst:3210 - "/home/ray/home/classes/cs/152a/lab3/lab3/nexys3.v" line 5: Output port <display_clk> of the instance <clocks_> is unconnected or connected to loadless signal.
INFO:Xst:3210 - "/home/ray/home/classes/cs/152a/lab3/lab3/nexys3.v" line 11: Output port <digits> of the instance <counter_> is unconnected or connected to loadless signal.
    Summary:
	no macro.
Unit <nexys3> synthesized.

Synthesizing Unit <mod_32u_13u>.
    Related source file is "".
    Summary:
	no macro.
Unit <mod_32u_13u> synthesized.

Synthesizing Unit <mod_32u_6u>.
    Related source file is "".
    Summary:
	no macro.
Unit <mod_32u_6u> synthesized.

Synthesizing Unit <mod_32u_14u>.
    Related source file is "".
    Summary:
	no macro.
Unit <mod_32u_14u> synthesized.

=========================================================================
HDL Synthesis Report

Found no macro
=========================================================================

=========================================================================
*                       Advanced HDL Synthesis                          *
=========================================================================


=========================================================================
Advanced HDL Synthesis Report

Found no macro
=========================================================================

=========================================================================
*                         Low Level Synthesis                           *
=========================================================================

Optimizing unit <nexys3> ...

Mapping all equations...
Building and optimizing final netlist ...
Found area constraint ratio of 100 (+ 5) on block nexys3, actual ratio is 0.

Final Macro Processing ...

=========================================================================
Final Register Report

Found no macro
=========================================================================

=========================================================================
*                           Partition Report                            *
=========================================================================

Partition Implementation Status
-------------------------------

  No Partitions were found in this design.

-------------------------------

=========================================================================
*                            Design Summary                             *
=========================================================================

Top Level Output File Name         : nexys3.ngc

Primitive and Black Box Usage:
------------------------------

Device utilization summary:
---------------------------

Selected Device : 6slx16csg324-2 


Slice Logic Utilization: 

Slice Logic Distribution: 
 Number of LUT Flip Flop pairs used:      0
   Number with an unused Flip Flop:       0  out of      0         
   Number with an unused LUT:             0  out of      0         
   Number of fully used LUT-FF pairs:     0  out of      0         
   Number of unique control sets:         0

IO Utilization: 
 Number of IOs:                           0
 Number of bonded IOBs:                   0  out of    232     0%  

Specific Feature Utilization:

---------------------------
Partition Resource Summary:
---------------------------

  No Partitions were found in this design.

---------------------------


=========================================================================
Timing Report

NOTE: THESE TIMING NUMBERS ARE ONLY A SYNTHESIS ESTIMATE.
      FOR ACCURATE TIMING INFORMATION PLEASE REFER TO THE TRACE REPORT
      GENERATED AFTER PLACE-and-ROUTE.

Clock Information:
------------------
No clock signals found in this design

Asynchronous Control Signals Information:
----------------------------------------
No asynchronous control signals found in this design

Timing Summary:
---------------
Speed Grade: -2

   Minimum period: No path found
   Minimum input arrival time before clock: No path found
   Maximum output required time after clock: No path found
   Maximum combinational path delay: No path found

Timing Details:
---------------
All values displayed in nanoseconds (ns)

=========================================================================

Cross Clock Domains Report:
--------------------------

=========================================================================


Total REAL time to Xst completion: 4.00 secs
Total CPU time to Xst completion: 4.50 secs
 
--> 


Total memory usage is 389356 kilobytes

Number of errors   :    0 (   0 filtered)
Number of warnings :   13 (   0 filtered)
Number of infos    :    4 (   0 filtered)

